chat-core/build/outputs/logs/manifest-merger-debug-report.txt
-- Merging decision tree log ---
manifest
ADDED from src/main/AndroidManifest.xml:1:1-62:12
INJECTED from src/main/AndroidManifest.xml:1:1-62:12
INJECTED from src/main/AndroidManifest.xml:1:1-62:12
INJECTED from src/main/AndroidManifest.xml:1:1-62:12
INJECTED from src/main/AndroidManifest.xml:1:1-62:12
INJECTED from src/main/AndroidManifest.xml:1:1-62:12
INJECTED from src/main/AndroidManifest.xml:1:1-62:12
	package
		ADDED from src/main/AndroidManifest.xml:3:5-39
		INJECTED from src/main/AndroidManifest.xml
		INJECTED from src/main/AndroidManifest.xml
	android:versionName
		INJECTED from src/main/AndroidManifest.xml
		ADDED from src/main/AndroidManifest.xml:1:1-62:12
		INJECTED from src/main/AndroidManifest.xml
	xmlns:tools
		ADDED from src/main/AndroidManifest.xml:2:5-51
	android:versionCode
		INJECTED from src/main/AndroidManifest.xml
		ADDED from src/main/AndroidManifest.xml:1:1-62:12
		INJECTED from src/main/AndroidManifest.xml
	xmlns:android
		ADDED from src/main/AndroidManifest.xml:1:11-69
uses-permission#android.permission.ACCESS_WIFI_STATE
ADDED from src/main/AndroidManifest.xml:5:5-76
	android:name
		ADDED from src/main/AndroidManifest.xml:5:22-73
uses-permission#android.permission.CHANGE_WIFI_STATE
ADDED from src/main/AndroidManifest.xml:6:5-76
	android:name
		ADDED from src/main/AndroidManifest.xml:6:22-73
uses-permission#android.permission.VIBRATE
ADDED from src/main/AndroidManifest.xml:7:5-66
	android:name
		ADDED from src/main/AndroidManifest.xml:7:22-63
uses-permission#android.permission.WAKE_LOCK
ADDED from src/main/AndroidManifest.xml:8:5-68
	android:name
		ADDED from src/main/AndroidManifest.xml:8:22-65
uses-permission#android.permission.RECEIVE_BOOT_COMPLETED
ADDED from src/main/AndroidManifest.xml:9:5-81
	android:name
		ADDED from src/main/AndroidManifest.xml:9:22-78
uses-permission#android.permission.READ_PHONE_STATE
ADDED from src/main/AndroidManifest.xml:10:5-75
	android:name
		ADDED from src/main/AndroidManifest.xml:10:22-72
uses-permission#android.permission.INTERNET
ADDED from src/main/AndroidManifest.xml:11:5-67
	android:name
		ADDED from src/main/AndroidManifest.xml:11:22-64
uses-permission#android.permission.ACCESS_NETWORK_STATE
ADDED from src/main/AndroidManifest.xml:12:5-79
	android:name
		ADDED from src/main/AndroidManifest.xml:12:22-76
uses-permission#android.permission.WRITE_EXTERNAL_STORAGE
ADDED from src/main/AndroidManifest.xml:16:5-81
	android:name
		ADDED from src/main/AndroidManifest.xml:16:22-78
uses-permission#android.permission.READ_EXTERNAL_STORAGE
ADDED from src/main/AndroidManifest.xml:17:5-80
	android:name
		ADDED from src/main/AndroidManifest.xml:17:22-77
uses-permission#android.permission.RECORD_AUDIO
ADDED from src/main/AndroidManifest.xml:18:5-71
	android:name
		ADDED from src/main/AndroidManifest.xml:18:22-68
uses-permission#android.permission.CAMERA
ADDED from src/main/AndroidManifest.xml:19:5-65
	android:name
		ADDED from src/main/AndroidManifest.xml:19:22-62
uses-permission#android.permission.ACCESS_COARSE_LOCATION
ADDED from src/main/AndroidManifest.xml:20:5-81
	android:name
		ADDED from src/main/AndroidManifest.xml:20:22-78
uses-permission#android.permission.ACCESS_FINE_LOCATION
ADDED from src/main/AndroidManifest.xml:21:5-79
	android:name
		ADDED from src/main/AndroidManifest.xml:21:22-76
application
ADDED from src/main/AndroidManifest.xml:23:5-60:19
receiver#com.qiscus.sdk.chat.core.service.QiscusStartServiceReceiver
ADDED from src/main/AndroidManifest.xml:25:9-33:20
	android:enabled
		ADDED from src/main/AndroidManifest.xml:27:13-35
	android:name
		ADDED from src/main/AndroidManifest.xml:26:13-63
intent-filter#action:name:android.intent.action.BOOT_COMPLETED+action:name:android.intent.action.USER_PRESENT+action:name:com.qiscus.START_SERVICE
ADDED from src/main/AndroidManifest.xml:28:13-32:29
action#android.intent.action.BOOT_COMPLETED
ADDED from src/main/AndroidManifest.xml:29:17-79
	android:name
		ADDED from src/main/AndroidManifest.xml:29:25-76
action#com.qiscus.START_SERVICE
ADDED from src/main/AndroidManifest.xml:30:17-67
	android:name
		ADDED from src/main/AndroidManifest.xml:30:25-64
action#android.intent.action.USER_PRESENT
ADDED from src/main/AndroidManifest.xml:31:17-77
	android:name
		ADDED from src/main/AndroidManifest.xml:31:25-74
receiver#com.qiscus.sdk.chat.core.service.QiscusNetworkStateReceiver
ADDED from src/main/AndroidManifest.xml:34:9-45:20
	android:label
		ADDED from src/main/AndroidManifest.xml:37:13-55
	android:exported
		ADDED from src/main/AndroidManifest.xml:36:13-36
	android:name
		ADDED from src/main/AndroidManifest.xml:35:13-63
intent-filter#action:name:android.net.conn.CONNECTIVITY_CHANGE+action:name:android.net.wifi.STATE_CHANGE+action:name:android.net.wifi.WIFI_STATE_CHANGED
ADDED from src/main/AndroidManifest.xml:38:13-44:29
action#android.net.conn.CONNECTIVITY_CHANGE
ADDED from src/main/AndroidManifest.xml:39:17-41:50
	tools:ignore
		ADDED from src/main/AndroidManifest.xml:41:21-47
	android:name
		ADDED from src/main/AndroidManifest.xml:40:21-72
action#android.net.wifi.WIFI_STATE_CHANGED
ADDED from src/main/AndroidManifest.xml:42:17-78
	android:name
		ADDED from src/main/AndroidManifest.xml:42:25-75
action#android.net.wifi.STATE_CHANGE
ADDED from src/main/AndroidManifest.xml:43:17-72
	android:name
		ADDED from src/main/AndroidManifest.xml:43:25-69
service#com.qiscus.sdk.chat.core.service.QiscusNetworkCheckerJobService
ADDED from src/main/AndroidManifest.xml:47:9-51:72
	android:label
		ADDED from src/main/AndroidManifest.xml:50:13-59
	android:exported
		ADDED from src/main/AndroidManifest.xml:49:13-36
	android:permission
		ADDED from src/main/AndroidManifest.xml:51:13-69
	android:name
		ADDED from src/main/AndroidManifest.xml:48:13-67
service#org.eclipse.paho.android.service.MqttService
ADDED from src/main/AndroidManifest.xml:52:9-80
	android:name
		ADDED from src/main/AndroidManifest.xml:52:18-77
service#com.qiscus.sdk.chat.core.service.QiscusSyncService
ADDED from src/main/AndroidManifest.xml:53:9-62
	android:name
		ADDED from src/main/AndroidManifest.xml:53:18-59
service#com.qiscus.sdk.chat.core.service.QiscusSyncJobService
ADDED from src/main/AndroidManifest.xml:55:9-59:72
	android:label
		ADDED from src/main/AndroidManifest.xml:58:13-49
	android:exported
		ADDED from src/main/AndroidManifest.xml:57:13-36
	android:permission
		ADDED from src/main/AndroidManifest.xml:59:13-69
	android:name
		ADDED from src/main/AndroidManifest.xml:56:13-57
uses-sdk
INJECTED from src/main/AndroidManifest.xml reason: use-sdk injection requested
INJECTED from src/main/AndroidManifest.xml
INJECTED from src/main/AndroidManifest.xml
INJECTED from src/main/AndroidManifest.xml
INJECTED from src/main/AndroidManifest.xml
	android:targetSdkVersion
		INJECTED from src/main/AndroidManifest.xml
		ADDED from src/main/AndroidManifest.xml
		INJECTED from src/main/AndroidManifest.xml
	android:minSdkVersion
		INJECTED from src/main/AndroidManifest.xml
		ADDED from src/main/AndroidManifest.xml
		INJECTED from src/main/AndroidManifest.xml